android/app/build/intermediates/manifest_merge_blame_file/debug/manifest-merger-blame-debug-report.txt
1<?xml version="1.0" encoding="utf-8"?>
2<manifest xmlns:android="http://schemas.android.com/apk/res/android"
3    package="com.example.mapsintegration"
4    android:versionCode="1"
5    android:versionName="1.0.0" >
6
7    <uses-sdk
8        android:minSdkVersion="21"
9        android:targetSdkVersion="34" />
10    <!--
11         The INTERNET permission is required for development. Specifically,
12         the Flutter tool needs it to communicate with the running application
13         to allow setting breakpoints, to provide hot reload, etc.
14    -->
15    <uses-permission android:name="android.permission.INTERNET" />
15-->src/debug/AndroidManifest.xml:6:5-66
15-->src/debug/AndroidManifest.xml:6:22-64
16    <uses-permission android:name="android.permission.FOREGROUND_SERVICE" />
16-->src/main/AndroidManifest.xml:2:1-73
16-->src/main/AndroidManifest.xml:2:18-70
17    <uses-permission android:name="android.permission.ACCESS_BACKGROUND_LOCATION" />
17-->src/main/AndroidManifest.xml:3:5-84
17-->src/main/AndroidManifest.xml:3:22-82
18    <!--
19 Required to query activities that can process text, see:
20         https://developer.android.com/training/package-visibility and
21         https://developer.android.com/reference/android/content/Intent#ACTION_PROCESS_TEXT.
22
23         In particular, this is used by the Flutter engine in io.flutter.plugin.text.ProcessTextPlugin.
24    -->
25    <queries>
25-->src/main/AndroidManifest.xml:43:5-48:15
26        <intent>
26-->src/main/AndroidManifest.xml:44:9-47:18
27            <action android:name="android.intent.action.PROCESS_TEXT" />
27-->src/main/AndroidManifest.xml:45:13-72
27-->src/main/AndroidManifest.xml:45:21-70
28
29            <data android:mimeType="text/plain" />
29-->src/main/AndroidManifest.xml:46:13-50
29-->src/main/AndroidManifest.xml:46:19-48
30        </intent>
31        <!-- Needs to be explicitly declared on Android R+ -->
32        <package android:name="com.google.android.apps.maps" />
32-->[com.google.android.gms:play-services-maps:18.2.0] AndroidManifest.xml:33:9-64
32-->[com.google.android.gms:play-services-maps:18.2.0] AndroidManifest.xml:33:18-61
33    </queries>
34
35    <uses-permission android:name="android.permission.ACCESS_COARSE_LOCATION" />
35-->[:location] AndroidManifest.xml:9:5-81
35-->[:location] AndroidManifest.xml:9:22-78
36    <uses-permission android:name="android.permission.ACCESS_FINE_LOCATION" /> <!-- Include required permissions for Google Maps API to run. -->
36-->[:location] AndroidManifest.xml:10:5-79
36-->[:location] AndroidManifest.xml:10:22-76
37    <uses-permission android:name="android.permission.ACCESS_NETWORK_STATE" />
37-->[com.google.android.gms:play-services-maps:18.2.0] AndroidManifest.xml:23:5-79
37-->[com.google.android.gms:play-services-maps:18.2.0] AndroidManifest.xml:23:22-76
38
39    <uses-feature
39-->[com.google.android.gms:play-services-maps:18.2.0] AndroidManifest.xml:26:5-28:35
40        android:glEsVersion="0x00020000"
40-->[com.google.android.gms:play-services-maps:18.2.0] AndroidManifest.xml:27:9-41
41        android:required="true" />
41-->[com.google.android.gms:play-services-maps:18.2.0] AndroidManifest.xml:28:9-32
42
43    <permission
43-->[androidx.core:core:1.10.1] AndroidManifest.xml:22:5-24:47
44        android:name="com.example.mapsintegration.DYNAMIC_RECEIVER_NOT_EXPORTED_PERMISSION"
44-->[androidx.core:core:1.10.1] AndroidManifest.xml:23:9-81
45        android:protectionLevel="signature" />
45-->[androidx.core:core:1.10.1] AndroidManifest.xml:24:9-44
46
47    <uses-permission android:name="com.example.mapsintegration.DYNAMIC_RECEIVER_NOT_EXPORTED_PERMISSION" />
47-->[androidx.core:core:1.10.1] AndroidManifest.xml:26:5-97
47-->[androidx.core:core:1.10.1] AndroidManifest.xml:26:22-94
48
49    <application
50        android:name="android.app.Application"
51        android:appComponentFactory="androidx.core.app.CoreComponentFactory"
51-->[androidx.core:core:1.10.1] AndroidManifest.xml:28:18-86
52        android:debuggable="true"
53        android:icon="@mipmap/ic_launcher"
54        android:label="mapsintegration" >
55        <activity
56            android:name="com.example.mapsintegration.MainActivity"
57            android:configChanges="orientation|keyboardHidden|keyboard|screenSize|smallestScreenSize|locale|layoutDirection|fontScale|screenLayout|density|uiMode"
58            android:exported="true"
59            android:hardwareAccelerated="true"
60            android:launchMode="singleTop"
61            android:taskAffinity=""
62            android:theme="@style/LaunchTheme"
63            android:windowSoftInputMode="adjustResize" >
64
65            <!--
66                 Specifies an Android theme to apply to this Activity as soon as
67                 the Android process has started. This theme is visible to the user
68                 while the Flutter UI initializes. After that, this theme continues
69                 to determine the Window background behind the Flutter UI.
70            -->
71            <meta-data
72                android:name="io.flutter.embedding.android.NormalTheme"
73                android:resource="@style/NormalTheme" />
74
75            <intent-filter>
76                <action android:name="android.intent.action.MAIN" />
77
78                <category android:name="android.intent.category.LAUNCHER" />
79            </intent-filter>
80        </activity>
81        <!--
82             Don't delete the meta-data below.
83             This is used by the Flutter tool to generate GeneratedPluginRegistrant.java
84        -->
85        <meta-data
86            android:name="flutterEmbedding"
87            android:value="2" />
88        <meta-data
89            android:name="com.google.android.geo.API_KEY"
90            android:value="AIzaSyCK79DYIs-lQHQftTl5JXrhwxm-mKwd0Q0" />
91
92        <service
92-->[:location] AndroidManifest.xml:13:9-17:56
93            android:name="com.lyokone.location.FlutterLocationService"
93-->[:location] AndroidManifest.xml:14:13-71
94            android:enabled="true"
94-->[:location] AndroidManifest.xml:15:13-35
95            android:exported="false"
95-->[:location] AndroidManifest.xml:16:13-37
96            android:foregroundServiceType="location" />
96-->[:location] AndroidManifest.xml:17:13-53
97
98        <uses-library
98-->[androidx.window:window:1.0.0-beta04] AndroidManifest.xml:25:9-27:40
99            android:name="androidx.window.extensions"
99-->[androidx.window:window:1.0.0-beta04] AndroidManifest.xml:26:13-54
100            android:required="false" />
100-->[androidx.window:window:1.0.0-beta04] AndroidManifest.xml:27:13-37
101        <uses-library
101-->[androidx.window:window:1.0.0-beta04] AndroidManifest.xml:28:9-30:40
102            android:name="androidx.window.sidecar"
102-->[androidx.window:window:1.0.0-beta04] AndroidManifest.xml:29:13-51
103            android:required="false" /> <!-- Needs to be explicitly declared on P+ -->
103-->[androidx.window:window:1.0.0-beta04] AndroidManifest.xml:30:13-37
104        <uses-library
104-->[com.google.android.gms:play-services-maps:18.2.0] AndroidManifest.xml:39:9-41:40
105            android:name="org.apache.http.legacy"
105-->[com.google.android.gms:play-services-maps:18.2.0] AndroidManifest.xml:40:13-50
106            android:required="false" />
106-->[com.google.android.gms:play-services-maps:18.2.0] AndroidManifest.xml:41:13-37
107
108        <activity
108-->[com.google.android.gms:play-services-base:18.3.0] AndroidManifest.xml:20:9-22:45
109            android:name="com.google.android.gms.common.api.GoogleApiActivity"
109-->[com.google.android.gms:play-services-base:18.3.0] AndroidManifest.xml:20:19-85
110            android:exported="false"
110-->[com.google.android.gms:play-services-base:18.3.0] AndroidManifest.xml:22:19-43
111            android:theme="@android:style/Theme.Translucent.NoTitleBar" />
111-->[com.google.android.gms:play-services-base:18.3.0] AndroidManifest.xml:21:19-78
112
113        <meta-data
113-->[com.google.android.gms:play-services-basement:18.3.0] AndroidManifest.xml:21:9-23:69
114            android:name="com.google.android.gms.version"
114-->[com.google.android.gms:play-services-basement:18.3.0] AndroidManifest.xml:22:13-58
115            android:value="@integer/google_play_services_version" />
115-->[com.google.android.gms:play-services-basement:18.3.0] AndroidManifest.xml:23:13-66
116    </application>
117
118</manifest>